[Info  - 07:16:20.241] Reading sessions from keychain...
[Info  - 07:16:20.242] Reading sessions from keychain...
[Info  - 07:16:20.270] Getting sessions for all scopes...
[Info  - 07:16:20.292] Getting sessions for all scopes...
[Info  - 07:16:20.293] Got 0 sessions for all scopes...
[Info  - 07:16:20.293] Got 0 sessions for all scopes...
[Info  - 07:20:54.213] Getting sessions for read:user,user:email,repo...
[Info  - 07:20:54.214] Got 0 sessions for read:user,user:email,repo...
[Info  - 07:22:06.626] Getting sessions for repo,workflow...
[Info  - 07:22:06.626] Got 0 sessions for repo,workflow...
[Info  - 07:22:09.32] Logging in for the following scopes: repo workflow
[Trace  - 07:22:25.347] Handling Uri...
[Info  - 07:22:25.347] Exchanging code for token...
[Info  - 07:22:30.827] Token exchange success!
[Info  - 07:22:30.828] Getting user info...
[Info  - 07:22:31.334] Got account info!
[Info  - 07:22:31.335] Storing 1 sessions...
[Info  - 07:22:31.478] Reading sessions from keychain...
[Info  - 07:22:31.478] Reading sessions from keychain...
[Info  - 07:22:31.478] Stored 1 sessions!
[Info  - 07:22:31.478] Login success!
[Trace  - 07:22:31.506] Token acquired from secret storage.
[Info  - 07:22:31.506] Got stored sessions!
[Trace  - 07:22:31.506] Read the following session from the keychain with the following scopes: repo,workflow
[Info  - 07:22:31.506] Got 1 verified sessions.
[Info  - 07:22:31.507] Getting sessions for all scopes...
[Info  - 07:22:31.507] Got 1 sessions for all scopes...
[Info  - 07:22:31.508] Getting sessions for read:user,user:email,repo...
[Info  - 07:22:31.508] Got 0 sessions for read:user,repo,user:email...
[Info  - 07:27:54.465] Getting sessions for all scopes...
[Info  - 07:27:54.465] Getting sessions for all scopes...
[Info  - 07:27:54.465] Got 1 sessions for all scopes...
[Info  - 07:27:54.465] Got 0 sessions for all scopes...
[Info  - 07:28:01.164] Logging in for the following scopes: read:user user:email repo
[Trace  - 07:28:14.122] Handling Uri...
[Info  - 07:28:14.122] Exchanging code for token...
[Info  - 07:28:15.497] Token exchange success!
[Info  - 07:28:15.497] Getting user info...
[Info  - 07:28:15.944] Got account info!
[Info  - 07:28:15.945] Storing 2 sessions...
[Info  - 07:28:16.28] Reading sessions from keychain...
[Info  - 07:28:16.28] Reading sessions from keychain...
[Info  - 07:28:16.28] Stored 2 sessions!
[Info  - 07:28:16.28] Login success!
[Info  - 07:28:16.32] Getting sessions for all scopes...
[Trace  - 07:28:16.32] Token acquired from secret storage.
[Info  - 07:28:16.32] Got stored sessions!
[Trace  - 07:28:16.32] Read the following session from the keychain with the following scopes: repo,workflow
[Trace  - 07:28:16.32] Read the following session from the keychain with the following scopes: read:user,user:email,repo
[Info  - 07:28:16.33] Got 2 verified sessions.
[Info  - 07:28:16.33] Got 2 sessions for all scopes...
[Info  - 07:28:16.33] Getting sessions for read:user,user:email,repo...
[Info  - 07:28:16.33] Got 1 sessions for read:user,repo,user:email...
[Info  - 07:29:22.503] Getting sessions for all scopes...
[Info  - 07:29:22.503] Getting sessions for all scopes...
[Info  - 07:29:22.504] Got 2 sessions for all scopes...
[Info  - 07:29:22.504] Got 0 sessions for all scopes...
