[2021-09-01 11:50:45.295] [exthost] [info] extension host started
[2021-09-01 11:50:45.361] [exthost] [info] ExtensionService#_doActivateExtension vscode.microsoft-authentication {"startup":false,"extensionId":{"value":"vscode.microsoft-authentication","_lower":"vscode.microsoft-authentication"},"activationEvent":"onAuthenticationRequest:microsoft"}
[2021-09-01 11:50:45.361] [exthost] [info] ExtensionService#loadCommonJSModule file:///snap/code/72/usr/share/code/resources/app/extensions/microsoft-authentication/dist/extension.js
[2021-09-01 11:50:45.404] [exthost] [info] ExtensionService#_doActivateExtension vscode.debug-auto-launch {"startup":true,"extensionId":{"value":"vscode.debug-auto-launch","_lower":"vscode.debug-auto-launch"},"activationEvent":"*"}
[2021-09-01 11:50:45.404] [exthost] [info] ExtensionService#loadCommonJSModule file:///snap/code/72/usr/share/code/resources/app/extensions/debug-auto-launch/dist/extension
[2021-09-01 11:50:45.407] [exthost] [info] ExtensionService#_doActivateExtension vscode.git {"startup":true,"extensionId":{"value":"vscode.github","_lower":"vscode.github"},"activationEvent":"*"}
[2021-09-01 11:50:45.407] [exthost] [info] ExtensionService#loadCommonJSModule file:///snap/code/72/usr/share/code/resources/app/extensions/git/dist/main
[2021-09-01 11:50:45.504] [exthost] [info] ExtensionService#_doActivateExtension vscode.github {"startup":true,"extensionId":{"value":"vscode.github","_lower":"vscode.github"},"activationEvent":"*"}
[2021-09-01 11:50:45.504] [exthost] [info] ExtensionService#loadCommonJSModule file:///snap/code/72/usr/share/code/resources/app/extensions/github/dist/extension.js
[2021-09-01 11:50:45.514] [exthost] [info] eager extensions activated
[2021-09-01 11:50:45.516] [exthost] [info] ExtensionService#_doActivateExtension vscode.emmet {"startup":false,"extensionId":{"value":"vscode.emmet","_lower":"vscode.emmet"},"activationEvent":"onStartupFinished"}
[2021-09-01 11:50:45.516] [exthost] [info] ExtensionService#loadCommonJSModule file:///snap/code/72/usr/share/code/resources/app/extensions/emmet/dist/node/emmetNodeMain
[2021-09-01 11:50:45.531] [exthost] [info] ExtensionService#_doActivateExtension vscode.merge-conflict {"startup":false,"extensionId":{"value":"vscode.merge-conflict","_lower":"vscode.merge-conflict"},"activationEvent":"onStartupFinished"}
[2021-09-01 11:50:45.531] [exthost] [info] ExtensionService#loadCommonJSModule file:///snap/code/72/usr/share/code/resources/app/extensions/merge-conflict/dist/mergeConflictMain
[2021-09-01 11:50:45.538] [exthost] [info] ExtensionService#_doActivateExtension ms-vscode.js-debug {"startup":false,"extensionId":{"value":"ms-vscode.js-debug","_lower":"ms-vscode.js-debug"},"activationEvent":"onCommand:extension.js-debug.clearAutoAttachVariables"}
[2021-09-01 11:50:45.538] [exthost] [info] ExtensionService#loadCommonJSModule file:///snap/code/72/usr/share/code/resources/app/extensions/ms-vscode.js-debug/src/extension.js
[2021-09-01 11:50:45.765] [exthost] [info] ExtensionService#_doActivateExtension vscode.github-authentication {"startup":false,"extensionId":{"value":"vscode.github-authentication","_lower":"vscode.github-authentication"},"activationEvent":"onAuthenticationRequest:github"}
[2021-09-01 11:50:45.765] [exthost] [info] ExtensionService#loadCommonJSModule file:///snap/code/72/usr/share/code/resources/app/extensions/github-authentication/dist/extension.js
[2021-09-01 11:51:01.039] [exthost] [info] ExtensionService#_doActivateExtension vscode.configuration-editing {"startup":false,"extensionId":{"value":"vscode.configuration-editing","_lower":"vscode.configuration-editing"},"activationEvent":"onLanguage:json"}
[2021-09-01 11:51:01.039] [exthost] [info] ExtensionService#loadCommonJSModule file:///snap/code/72/usr/share/code/resources/app/extensions/configuration-editing/dist/configurationEditingMain
[2021-09-01 11:51:01.045] [exthost] [info] ExtensionService#_doActivateExtension vscode.extension-editing {"startup":false,"extensionId":{"value":"vscode.extension-editing","_lower":"vscode.extension-editing"},"activationEvent":"onLanguage:json"}
[2021-09-01 11:51:01.045] [exthost] [info] ExtensionService#loadCommonJSModule file:///snap/code/72/usr/share/code/resources/app/extensions/extension-editing/dist/extensionEditingMain
[2021-09-01 11:51:01.061] [exthost] [info] ExtensionService#_doActivateExtension vscode.json-language-features {"startup":false,"extensionId":{"value":"vscode.json-language-features","_lower":"vscode.json-language-features"},"activationEvent":"onLanguage:json"}
[2021-09-01 11:51:01.061] [exthost] [info] ExtensionService#loadCommonJSModule file:///snap/code/72/usr/share/code/resources/app/extensions/json-language-features/client/dist/node/jsonClientMain
[2021-09-01 11:51:01.136] [exthost] [info] ExtensionService#_doActivateExtension vscode.npm {"startup":false,"extensionId":{"value":"vscode.npm","_lower":"vscode.npm"},"activationEvent":"onLanguage:json"}
[2021-09-01 11:51:01.136] [exthost] [info] ExtensionService#loadCommonJSModule file:///snap/code/72/usr/share/code/resources/app/extensions/npm/dist/npmMain
[2021-09-01 11:51:04.309] [exthost] [info] ExtensionService#_doActivateExtension esbenp.prettier-vscode {"startup":false,"extensionId":{"value":"esbenp.prettier-vscode","_lower":"esbenp.prettier-vscode"},"activationEvent":"onStartupFinished"}
[2021-09-01 11:51:04.309] [exthost] [info] ExtensionService#loadCommonJSModule file:///home/mayank/.vscode/extensions/esbenp.prettier-vscode-8.1.0/dist/extension
[2021-09-01 11:51:34.789] [exthost] [info] ExtensionService#_doActivateExtension vscode.typescript-language-features {"startup":false,"extensionId":{"value":"vscode.typescript-language-features","_lower":"vscode.typescript-language-features"},"activationEvent":"onLanguage:jsonc"}
[2021-09-01 11:51:34.789] [exthost] [info] ExtensionService#loadCommonJSModule file:///snap/code/72/usr/share/code/resources/app/extensions/typescript-language-features/dist/extension
[2021-09-01 13:16:13.575] [exthost] [info] extension host terminating: renderer closed the socket
[2021-09-01 13:16:14.623] [exthost] [info] exiting with code 0
[2021-09-01 13:16:18.813] [exthost] [info] extension host started
[2021-09-01 13:16:18.814] [exthost] [info] Skipping acquiring lock for /home/mayank/.config/Code/User/workspaceStorage/c3f00260a0df3860a678daf0a51605c5.
[2021-09-01 13:16:18.847] [exthost] [info] ExtensionService#_doActivateExtension vscode.microsoft-authentication {"startup":false,"extensionId":{"value":"vscode.microsoft-authentication","_lower":"vscode.microsoft-authentication"},"activationEvent":"onAuthenticationRequest:microsoft"}
[2021-09-01 13:16:18.847] [exthost] [info] ExtensionService#loadCommonJSModule file:///snap/code/72/usr/share/code/resources/app/extensions/microsoft-authentication/dist/extension.js
[2021-09-01 13:16:18.881] [exthost] [info] ExtensionService#_doActivateExtension vscode.debug-auto-launch {"startup":true,"extensionId":{"value":"vscode.debug-auto-launch","_lower":"vscode.debug-auto-launch"},"activationEvent":"*"}
[2021-09-01 13:16:18.881] [exthost] [info] ExtensionService#loadCommonJSModule file:///snap/code/72/usr/share/code/resources/app/extensions/debug-auto-launch/dist/extension
[2021-09-01 13:16:18.886] [exthost] [info] ExtensionService#_doActivateExtension vscode.git {"startup":true,"extensionId":{"value":"vscode.github","_lower":"vscode.github"},"activationEvent":"*"}
[2021-09-01 13:16:18.886] [exthost] [info] ExtensionService#loadCommonJSModule file:///snap/code/72/usr/share/code/resources/app/extensions/git/dist/main
[2021-09-01 13:16:18.930] [exthost] [info] ExtensionService#_doActivateExtension vscode.npm {"startup":true,"extensionId":{"value":"vscode.npm","_lower":"vscode.npm"},"activationEvent":"workspaceContains:package.json"}
[2021-09-01 13:16:18.930] [exthost] [info] ExtensionService#loadCommonJSModule file:///snap/code/72/usr/share/code/resources/app/extensions/npm/dist/npmMain
[2021-09-01 13:16:19.015] [exthost] [info] ExtensionService#_doActivateExtension vscode.github {"startup":true,"extensionId":{"value":"vscode.github","_lower":"vscode.github"},"activationEvent":"*"}
[2021-09-01 13:16:19.015] [exthost] [info] ExtensionService#loadCommonJSModule file:///snap/code/72/usr/share/code/resources/app/extensions/github/dist/extension.js
[2021-09-01 13:16:19.091] [exthost] [info] ExtensionService#_doActivateExtension ms-vscode.js-debug {"startup":false,"extensionId":{"value":"ms-vscode.js-debug","_lower":"ms-vscode.js-debug"},"activationEvent":"onCommand:extension.js-debug.clearAutoAttachVariables"}
[2021-09-01 13:16:19.091] [exthost] [info] ExtensionService#loadCommonJSModule file:///snap/code/72/usr/share/code/resources/app/extensions/ms-vscode.js-debug/src/extension.js
[2021-09-01 13:16:19.272] [exthost] [info] eager extensions activated
[2021-09-01 13:16:19.281] [exthost] [info] ExtensionService#_doActivateExtension vscode.github-authentication {"startup":false,"extensionId":{"value":"vscode.github-authentication","_lower":"vscode.github-authentication"},"activationEvent":"onAuthenticationRequest:github"}
[2021-09-01 13:16:19.281] [exthost] [info] ExtensionService#loadCommonJSModule file:///snap/code/72/usr/share/code/resources/app/extensions/github-authentication/dist/extension.js
[2021-09-01 13:16:19.432] [exthost] [info] ExtensionService#_doActivateExtension vscode.emmet {"startup":false,"extensionId":{"value":"vscode.emmet","_lower":"vscode.emmet"},"activationEvent":"onStartupFinished"}
[2021-09-01 13:16:19.432] [exthost] [info] ExtensionService#loadCommonJSModule file:///snap/code/72/usr/share/code/resources/app/extensions/emmet/dist/node/emmetNodeMain
[2021-09-01 13:16:19.531] [exthost] [info] ExtensionService#_doActivateExtension vscode.merge-conflict {"startup":false,"extensionId":{"value":"vscode.merge-conflict","_lower":"vscode.merge-conflict"},"activationEvent":"onStartupFinished"}
[2021-09-01 13:16:19.532] [exthost] [info] ExtensionService#loadCommonJSModule file:///snap/code/72/usr/share/code/resources/app/extensions/merge-conflict/dist/mergeConflictMain
[2021-09-01 13:16:19.557] [exthost] [info] ExtensionService#_doActivateExtension esbenp.prettier-vscode {"startup":false,"extensionId":{"value":"esbenp.prettier-vscode","_lower":"esbenp.prettier-vscode"},"activationEvent":"onStartupFinished"}
[2021-09-01 13:16:19.557] [exthost] [info] ExtensionService#loadCommonJSModule file:///home/mayank/.vscode/extensions/esbenp.prettier-vscode-8.1.0/dist/extension
[2021-09-01 13:16:20.255] [exthost] [error] Activating extension esbenp.prettier-vscode failed due to an error:
[2021-09-01 13:16:20.255] [exthost] [error] TypeError: Cannot assign to read only property 'prettierPath' of object '#<Object>'
	at Object.t.getConfig (/home/mayank/.vscode/extensions/esbenp.prettier-vscode-8.1.0/dist/extension.js:1:21627)
	at e.activate (/home/mayank/.vscode/extensions/esbenp.prettier-vscode-8.1.0/dist/extension.js:1:73344)
	at Function._callActivateOptional (/snap/code/72/usr/share/code/resources/app/out/vs/workbench/services/extensions/node/extensionHostProcess.js:90:14919)
	at Function._callActivate (/snap/code/72/usr/share/code/resources/app/out/vs/workbench/services/extensions/node/extensionHostProcess.js:90:14592)
	at /snap/code/72/usr/share/code/resources/app/out/vs/workbench/services/extensions/node/extensionHostProcess.js:90:12789
	at processTicksAndRejections (internal/process/task_queues.js:93:5)
	at async Promise.all (index 0)
[2021-09-01 13:16:30.439] [exthost] [warning] [Decorations] CAPPING events from decorations provider vscode.git 5000
[2021-09-01 13:16:31.461] [exthost] [info] ExtensionService#_doActivateExtension vscode.configuration-editing {"startup":false,"extensionId":{"value":"vscode.configuration-editing","_lower":"vscode.configuration-editing"},"activationEvent":"onLanguage:jsonc"}
[2021-09-01 13:16:31.461] [exthost] [info] ExtensionService#loadCommonJSModule file:///snap/code/72/usr/share/code/resources/app/extensions/configuration-editing/dist/configurationEditingMain
[2021-09-01 13:16:31.670] [exthost] [info] ExtensionService#_doActivateExtension vscode.json-language-features {"startup":false,"extensionId":{"value":"vscode.json-language-features","_lower":"vscode.json-language-features"},"activationEvent":"onLanguage:jsonc"}
[2021-09-01 13:16:31.670] [exthost] [info] ExtensionService#loadCommonJSModule file:///snap/code/72/usr/share/code/resources/app/extensions/json-language-features/client/dist/node/jsonClientMain
[2021-09-01 13:16:31.729] [exthost] [info] ExtensionService#_doActivateExtension vscode.typescript-language-features {"startup":false,"extensionId":{"value":"vscode.typescript-language-features","_lower":"vscode.typescript-language-features"},"activationEvent":"onLanguage:jsonc"}
[2021-09-01 13:16:31.729] [exthost] [info] ExtensionService#loadCommonJSModule file:///snap/code/72/usr/share/code/resources/app/extensions/typescript-language-features/dist/extension
[2021-09-01 13:20:54.132] [exthost] [info] ExtensionService#_doActivateExtension GitHub.vscode-pull-request-github {"startup":false,"extensionId":{"value":"GitHub.vscode-pull-request-github","_lower":"github.vscode-pull-request-github"},"activationEvent":"*"}
[2021-09-01 13:20:54.132] [exthost] [info] ExtensionService#loadCommonJSModule file:///home/mayank/.vscode/extensions/github.vscode-pull-request-github-0.29.2/dist/extension
[2021-09-01 13:21:18.337] [exthost] [warning] [Decorations] CAPPING events from decorations provider vscode.git 5100
